<?xml version="1.0" encoding="UTF-8"?>
<testsuite xmlns:xsi="http://www.w3.org/2001/XMLSchema-instance" xsi:noNamespaceSchemaLocation="https://maven.apache.org/surefire/maven-surefire-plugin/xsd/surefire-test-report.xsd" version="3.0.2" name="com.microservice.demo.SpringBootDockerDemoApplicationTests" time="3.11" tests="1" errors="0" skipped="0" failures="0">
  <properties>
[...]
</properties>
  <testcase name="contextLoads" classname="com.microservice.demo.SpringBootDockerDemoApplicationTests" time="0.588">
    <system-out><![CDATA[11:27:30.235 [main] INFO org.springframework.test.context.support.AnnotationConfigContextLoaderUtils -- Could not detect default configuration classes for test class [com.microservice.demo.SpringBootDockerDemoApplicationTests]: SpringBootDockerDemoApplicationTests does not declare any static, non-private, non-final, nested classes annotated with @Configuration.
11:27:30.358 [main] INFO org.springframework.boot.test.context.SpringBootTestContextBootstrapper -- Found @SpringBootConfiguration com.microservice.demo.SpringBootDockerDemoApplication for test class com.microservice.demo.SpringBootDockerDemoApplicationTests
11:27:30.521 [main] INFO org.springframework.boot.devtools.restart.RestartApplicationListener -- Restart disabled due to context in which it is running

  .   ____          _            __ _ _
 /\\ / ___'_ __ _ _(_)_ __  __ _ \ \ \ \
( ( )\___ | '_ | '_| | '_ \/ _` | \ \ \ \
 \\/  ___)| |_)| | | | | || (_| |  ) ) ) )
  '  |____| .__|_| |_|_| |_\__, | / / / /
 =========|_|==============|___/=/_/_/_/

 :: Spring Boot ::                (v3.5.3)

2025-07-14T11:27:30.882Z  INFO 44485 --- [           main] m.d.SpringBootDockerDemoApplicationTests : Starting SpringBootDockerDemoApplicationTests using Java 17.0.15 with PID 44485 (started by gitpod in /workspace/spring-boot-docker-demo)
2025-07-14T11:27:30.884Z  INFO 44485 --- [           main] m.d.SpringBootDockerDemoApplicationTests : No active profile set, falling back to 1 default profile: "default"
2025-07-14T11:27:32.502Z  INFO 44485 --- [           main] o.s.b.a.e.web.EndpointLinksResolver      : Exposing 1 endpoint beneath base path '/actuator'
2025-07-14T11:27:32.564Z  INFO 44485 --- [           main] m.d.SpringBootDockerDemoApplicationTests : Started SpringBootDockerDemoApplicationTests in 2.053 seconds (process running for 3.045)
]]></system-out>
  </testcase>
</testsuite>